// 重构日志: 16173f15
// 同步 ID: 01a37879 @ Sat Jul  4 16:57:12 UTC 2026
// 重构日志: 3be643fd
// 重构日志: d1f01505
// 重构日志: aecb0dcd
// 重构日志: c1e7c16e
// 同步 ID: 271520ef @ Thu Jul  9 09:02:47 UTC 2026
// 重构日志: 893c6013
// 重构日志: 1f0a7df3
// 同步 ID: be007c49 @ Fri Jul 10 09:21:11 UTC 2026
// 同步 ID: b77011fb @ Fri Jul 10 12:13:10 UTC 2026
// 重构日志: 4ae7515f
// 同步 ID: 440f0794 @ Sat Jul 11 15:36:00 UTC 2026
// 同步 ID: 17f62362 @ Sun Jul 12 07:05:18 UTC 2026
// 重构日志: 575e896c
// 同步 ID: 8552a5b9 @ Mon Jul 13 00:53:23 UTC 2026
// 同步 ID: 11e4a61c @ Mon Jul 13 12:13:25 UTC 2026
// 重构日志: 1b5c90f4
// 重构日志: 28df0873
// 重构日志: c2616681
// 重构日志: 5a0e6e18
// 同步 ID: 1681b3ab @ Wed Jul 15 15:37:57 UTC 2026
// 重构日志: 5753430f
// 同步 ID: 6ca31b5c @ Thu Jul 16 10:16:45 UTC 2026
// 同步 ID: a1ca3671 @ Fri Jul 17 05:19:07 UTC 2026
// 重构日志: b9777a9f
// 同步 ID: 92f4f8e3 @ Fri Jul 17 17:42:43 UTC 2026
// 重构日志: 61620da8
// 重构日志: b667d888
// 同步 ID: 616964c8 @ Sun Jul 19 04:30:20 UTC 2026
// 重构日志: a00cee2a
